<?xml version="1.0" encoding="UTF-8"?>
<!-- Generated by org.testng.reporters.JUnitXMLReporter -->
<testsuite ignored="0" hostname="DESKTOP-22OV6SS" failures="0" tests="6" name="Iteration2" time="48.692" errors="0" timestamp="2022-01-26T08:57:12 IST">
  <testcase classname="Aspirepac.NewTest" name="launch" time="4.225"/>
  <testcase classname="Aspirepac.NewTest" name="validateTitle" time="0.015"/>
  <testcase classname="Aspirepac.NewTest" name="login" time="8.507"/>
  <testcase classname="Aspirepac.InventoryTest" name="verifyInventoryPage" time="1.031"/>
  <testcase classname="Aspirepac.InventoryTest" name="clickOnInventory" time="0.001"/>
  <testcase classname="Aspirepac.InventoryTest" name="verifyUpdateValue" time="0.001"/>
</testsuite> <!-- Iteration2 -->
