<?xml version="1.0" encoding="UTF-8"?>
<!-- Generated by org.testng.reporters.JUnitXMLReporter -->
<testsuite ignored="0" hostname="DESKTOP-22OV6SS" failures="0" tests="6" name="Iteration1" time="68.263" errors="0" timestamp="2022-01-26T11:02:47 IST">
  <testcase classname="Aspirepac.NewTest" name="launch" time="7.004"/>
  <testcase classname="Aspirepac.NewTest" name="validateTitle" time="0.012"/>
  <testcase classname="Aspirepac.NewTest" name="login" time="9.773"/>
  <testcase classname="Aspirepac.InventoryTest" name="clickAndVerifyInventoryPage" time="1.301"/>
  <testcase classname="Aspirepac.InventoryTest" name="verifyProduct" time="6.734"/>
  <testcase classname="Aspirepac.InventoryTest" name="verifyUpdateValue" time="5.542"/>
</testsuite> <!-- Iteration1 -->
