<?xml version="1.0" encoding="UTF-8"?>
<testng-results ignored="0" total="6" passed="5" failed="1" skipped="0">
  <reporter-output>
  </reporter-output>
  <suite started-at="2022-01-27T09:45:50 IST" name="Suite" finished-at="2022-01-27T09:47:57 IST" duration-ms="126821">
    <groups>
    </groups>
    <test started-at="2022-01-27T09:45:50 IST" name="Iteration1" finished-at="2022-01-27T09:47:57 IST" duration-ms="126821">
      <class name="Aspirepac.InventoryTest">
        <test-method is-config="true" signature="setUp()[pri:0, instance:Aspirepac.InventoryTest@32b260fa]" started-at="2022-01-27T09:46:22 IST" name="setUp" finished-at="2022-01-27T09:46:38 IST" duration-ms="15509" status="PASS">
          <reporter-output>
          </reporter-output>
        </test-method> <!-- setUp -->
        <test-method signature="clickAndVerifyInventoryPage()[pri:1, instance:Aspirepac.InventoryTest@32b260fa]" started-at="2022-01-27T09:46:38 IST" name="clickAndVerifyInventoryPage" finished-at="2022-01-27T09:46:39 IST" duration-ms="1297" status="PASS">
          <reporter-output>
          </reporter-output>
        </test-method> <!-- clickAndVerifyInventoryPage -->
        <test-method is-config="true" signature="afterMethod()[pri:0, instance:Aspirepac.InventoryTest@32b260fa]" started-at="2022-01-27T09:46:39 IST" name="afterMethod" finished-at="2022-01-27T09:46:39 IST" duration-ms="527" status="PASS">
          <reporter-output>
          </reporter-output>
        </test-method> <!-- afterMethod -->
        <test-method is-config="true" signature="setUp()[pri:0, instance:Aspirepac.InventoryTest@32b260fa]" started-at="2022-01-27T09:46:39 IST" name="setUp" finished-at="2022-01-27T09:47:00 IST" duration-ms="20928" status="PASS">
          <reporter-output>
          </reporter-output>
        </test-method> <!-- setUp -->
        <test-method signature="verifyProduct()[pri:2, instance:Aspirepac.InventoryTest@32b260fa]" started-at="2022-01-27T09:47:00 IST" name="verifyProduct" finished-at="2022-01-27T09:47:08 IST" duration-ms="7283" status="PASS">
          <reporter-output>
          </reporter-output>
        </test-method> <!-- verifyProduct -->
        <test-method is-config="true" signature="afterMethod()[pri:0, instance:Aspirepac.InventoryTest@32b260fa]" started-at="2022-01-27T09:47:08 IST" name="afterMethod" finished-at="2022-01-27T09:47:08 IST" duration-ms="704" status="PASS">
          <reporter-output>
          </reporter-output>
        </test-method> <!-- afterMethod -->
        <test-method is-config="true" signature="setUp()[pri:0, instance:Aspirepac.InventoryTest@32b260fa]" started-at="2022-01-27T09:47:08 IST" name="setUp" finished-at="2022-01-27T09:47:28 IST" duration-ms="19503" status="PASS">
          <reporter-output>
          </reporter-output>
        </test-method> <!-- setUp -->
        <test-method signature="verifyUpdateValue()[pri:3, instance:Aspirepac.InventoryTest@32b260fa]" started-at="2022-01-27T09:47:28 IST" name="verifyUpdateValue" finished-at="2022-01-27T09:47:57 IST" duration-ms="28758" status="FAIL">
          <exception class="org.openqa.selenium.NoSuchElementException">
            <message>
              <![CDATA[no such element: Unable to locate element: {"method":"css selector","selector":"button.btn.btn-primary.o_list_button_add"}
  (Session info: chrome=97.0.4692.99)
For documentation on this error, please visit: https://www.seleniumhq.org/exceptions/no_such_element.html
Build info: version: '3.141.59', revision: 'e82be7d358', time: '2018-11-14T08:25:48'
System info: host: 'DESKTOP-22OV6SS', ip: '192.168.89.235', os.name: 'Windows 10', os.arch: 'amd64', os.version: '10.0', java.version: '16.0.2'
Driver info: org.openqa.selenium.chrome.ChromeDriver
Capabilities {acceptInsecureCerts: false, browserName: chrome, browserVersion: 97.0.4692.99, chrome: {chromedriverVersion: 97.0.4692.71 (adefa7837d02a..., userDataDir: C:\Users\BHAWANI\AppData\Lo...}, goog:chromeOptions: {debuggerAddress: localhost:56280}, javascriptEnabled: true, networkConnectionEnabled: false, pageLoadStrategy: normal, platform: WINDOWS, platformName: WINDOWS, proxy: Proxy(), setWindowRect: true, strictFileInteractability: false, timeouts: {implicit: 0, pageLoad: 300000, script: 30000}, unhandledPromptBehavior: dismiss and notify, webauthn:extension:credBlob: true, webauthn:extension:largeBlob: true, webauthn:virtualAuthenticators: true}
Session ID: bed8faaeb25db99edc00d1494be7cb6c
*** Element info: {Using=css selector, value=button.btn.btn-primary.o_list_button_add}]]>
            </message>
            <full-stacktrace>
              <![CDATA[org.openqa.selenium.NoSuchElementException: no such element: Unable to locate element: {"method":"css selector","selector":"button.btn.btn-primary.o_list_button_add"}
  (Session info: chrome=97.0.4692.99)
For documentation on this error, please visit: https://www.seleniumhq.org/exceptions/no_such_element.html
Build info: version: '3.141.59', revision: 'e82be7d358', time: '2018-11-14T08:25:48'
System info: host: 'DESKTOP-22OV6SS', ip: '192.168.89.235', os.name: 'Windows 10', os.arch: 'amd64', os.version: '10.0', java.version: '16.0.2'
Driver info: org.openqa.selenium.chrome.ChromeDriver
Capabilities {acceptInsecureCerts: false, browserName: chrome, browserVersion: 97.0.4692.99, chrome: {chromedriverVersion: 97.0.4692.71 (adefa7837d02a..., userDataDir: C:\Users\BHAWANI\AppData\Lo...}, goog:chromeOptions: {debuggerAddress: localhost:56280}, javascriptEnabled: true, networkConnectionEnabled: false, pageLoadStrategy: normal, platform: WINDOWS, platformName: WINDOWS, proxy: Proxy(), setWindowRect: true, strictFileInteractability: false, timeouts: {implicit: 0, pageLoad: 300000, script: 30000}, unhandledPromptBehavior: dismiss and notify, webauthn:extension:credBlob: true, webauthn:extension:largeBlob: true, webauthn:virtualAuthenticators: true}
Session ID: bed8faaeb25db99edc00d1494be7cb6c
*** Element info: {Using=css selector, value=button.btn.btn-primary.o_list_button_add}
at java.base/jdk.internal.reflect.NativeConstructorAccessorImpl.newInstance0(Native Method)
at java.base/jdk.internal.reflect.NativeConstructorAccessorImpl.newInstance(NativeConstructorAccessorImpl.java:78)
at java.base/jdk.internal.reflect.DelegatingConstructorAccessorImpl.newInstance(DelegatingConstructorAccessorImpl.java:45)
at java.base/java.lang.reflect.Constructor.newInstanceWithCaller(Constructor.java:499)
at java.base/java.lang.reflect.Constructor.newInstance(Constructor.java:480)
at org.openqa.selenium.remote.http.W3CHttpResponseCodec.createException(W3CHttpResponseCodec.java:187)
at org.openqa.selenium.remote.http.W3CHttpResponseCodec.decode(W3CHttpResponseCodec.java:122)
at org.openqa.selenium.remote.http.W3CHttpResponseCodec.decode(W3CHttpResponseCodec.java:49)
at org.openqa.selenium.remote.HttpCommandExecutor.execute(HttpCommandExecutor.java:158)
at org.openqa.selenium.remote.service.DriverCommandExecutor.execute(DriverCommandExecutor.java:83)
at org.openqa.selenium.remote.RemoteWebDriver.execute(RemoteWebDriver.java:552)
at org.openqa.selenium.remote.RemoteWebDriver.findElement(RemoteWebDriver.java:323)
at org.openqa.selenium.remote.RemoteWebDriver.findElementByCssSelector(RemoteWebDriver.java:420)
at org.openqa.selenium.By$ByCssSelector.findElement(By.java:431)
at org.openqa.selenium.remote.RemoteWebDriver.findElement(RemoteWebDriver.java:315)
at Aspirepac.InventoryTest.verifyUpdateValue(InventoryTest.java:71)
at java.base/jdk.internal.reflect.NativeMethodAccessorImpl.invoke0(Native Method)
at java.base/jdk.internal.reflect.NativeMethodAccessorImpl.invoke(NativeMethodAccessorImpl.java:78)
at java.base/jdk.internal.reflect.DelegatingMethodAccessorImpl.invoke(DelegatingMethodAccessorImpl.java:43)
at java.base/java.lang.reflect.Method.invoke(Method.java:567)
at org.testng.internal.MethodInvocationHelper.invokeMethod(MethodInvocationHelper.java:133)
at org.testng.internal.TestInvoker.invokeMethod(TestInvoker.java:598)
at org.testng.internal.TestInvoker.invokeTestMethod(TestInvoker.java:173)
at org.testng.internal.MethodRunner.runInSequence(MethodRunner.java:46)
at org.testng.internal.TestInvoker$MethodInvocationAgent.invoke(TestInvoker.java:824)
at org.testng.internal.TestInvoker.invokeTestMethods(TestInvoker.java:146)
at org.testng.internal.TestMethodWorker.invokeTestMethods(TestMethodWorker.java:146)
at org.testng.internal.TestMethodWorker.run(TestMethodWorker.java:128)
at java.base/java.util.ArrayList.forEach(ArrayList.java:1511)
at org.testng.TestRunner.privateRun(TestRunner.java:794)
at org.testng.TestRunner.run(TestRunner.java:596)
at org.testng.SuiteRunner.runTest(SuiteRunner.java:377)
at org.testng.SuiteRunner.runSequentially(SuiteRunner.java:371)
at org.testng.SuiteRunner.privateRun(SuiteRunner.java:332)
at org.testng.SuiteRunner.run(SuiteRunner.java:276)
at org.testng.SuiteRunnerWorker.runSuite(SuiteRunnerWorker.java:53)
at org.testng.SuiteRunnerWorker.run(SuiteRunnerWorker.java:96)
at org.testng.TestNG.runSuitesSequentially(TestNG.java:1212)
at org.testng.TestNG.runSuitesLocally(TestNG.java:1134)
at org.testng.TestNG.runSuites(TestNG.java:1063)
at org.testng.TestNG.run(TestNG.java:1031)
at org.testng.remote.AbstractRemoteTestNG.run(AbstractRemoteTestNG.java:115)
at org.testng.remote.RemoteTestNG.initAndRun(RemoteTestNG.java:251)
at org.testng.remote.RemoteTestNG.main(RemoteTestNG.java:77)
]]>
            </full-stacktrace>
          </exception> <!-- org.openqa.selenium.NoSuchElementException -->
          <reporter-output>
          </reporter-output>
        </test-method> <!-- verifyUpdateValue -->
        <test-method is-config="true" signature="afterMethod()[pri:0, instance:Aspirepac.InventoryTest@32b260fa]" started-at="2022-01-27T09:47:57 IST" name="afterMethod" finished-at="2022-01-27T09:47:57 IST" duration-ms="447" status="PASS">
          <reporter-output>
          </reporter-output>
        </test-method> <!-- afterMethod -->
      </class> <!-- Aspirepac.InventoryTest -->
      <class name="Aspirepac.NewTest">
        <test-method is-config="true" signature="beforeMethod()[pri:0, instance:Aspirepac.NewTest@5ace1ed4]" started-at="2022-01-27T09:45:50 IST" name="beforeMethod" finished-at="2022-01-27T09:45:50 IST" duration-ms="6" status="PASS">
          <reporter-output>
          </reporter-output>
        </test-method> <!-- beforeMethod -->
        <test-method signature="launch()[pri:0, instance:Aspirepac.NewTest@5ace1ed4]" started-at="2022-01-27T09:45:50 IST" name="launch" finished-at="2022-01-27T09:46:11 IST" duration-ms="21173" status="PASS">
          <reporter-output>
          </reporter-output>
        </test-method> <!-- launch -->
        <test-method is-config="true" signature="afterMethod()[pri:0, instance:Aspirepac.NewTest@5ace1ed4]" started-at="2022-01-27T09:46:11 IST" name="afterMethod" finished-at="2022-01-27T09:46:11 IST" duration-ms="0" status="PASS">
          <reporter-output>
          </reporter-output>
        </test-method> <!-- afterMethod -->
        <test-method is-config="true" signature="beforeMethod()[pri:0, instance:Aspirepac.NewTest@5ace1ed4]" started-at="2022-01-27T09:46:11 IST" name="beforeMethod" finished-at="2022-01-27T09:46:11 IST" duration-ms="1" status="PASS">
          <reporter-output>
          </reporter-output>
        </test-method> <!-- beforeMethod -->
        <test-method signature="validateTitle()[pri:1, instance:Aspirepac.NewTest@5ace1ed4]" started-at="2022-01-27T09:46:11 IST" name="validateTitle" finished-at="2022-01-27T09:46:11 IST" duration-ms="11" status="PASS">
          <reporter-output>
          </reporter-output>
        </test-method> <!-- validateTitle -->
        <test-method is-config="true" signature="afterMethod()[pri:0, instance:Aspirepac.NewTest@5ace1ed4]" started-at="2022-01-27T09:46:11 IST" name="afterMethod" finished-at="2022-01-27T09:46:11 IST" duration-ms="0" status="PASS">
          <reporter-output>
          </reporter-output>
        </test-method> <!-- afterMethod -->
        <test-method is-config="true" signature="beforeMethod()[pri:0, instance:Aspirepac.NewTest@5ace1ed4]" started-at="2022-01-27T09:46:11 IST" name="beforeMethod" finished-at="2022-01-27T09:46:11 IST" duration-ms="1" status="PASS">
          <reporter-output>
          </reporter-output>
        </test-method> <!-- beforeMethod -->
        <test-method signature="login(java.lang.String,java.lang.String)[pri:0, instance:Aspirepac.NewTest@5ace1ed4]" started-at="2022-01-27T09:46:11 IST" name="login" finished-at="2022-01-27T09:46:21 IST" depends-on-methods="Aspirepac.NewTest.validateTitle" duration-ms="10012" status="PASS">
          <params>
            <param index="0">
              <value>
                <![CDATA[user@aspireapp.com]]>
              </value>
            </param>
            <param index="1">
              <value>
                <![CDATA[@sp1r3app]]>
              </value>
            </param>
          </params>
          <reporter-output>
          </reporter-output>
        </test-method> <!-- login -->
        <test-method is-config="true" signature="afterMethod()[pri:0, instance:Aspirepac.NewTest@5ace1ed4]" started-at="2022-01-27T09:46:21 IST" name="afterMethod" finished-at="2022-01-27T09:46:21 IST" duration-ms="1" status="PASS">
          <reporter-output>
          </reporter-output>
        </test-method> <!-- afterMethod -->
        <test-method is-config="true" signature="afterClass()[pri:0, instance:Aspirepac.NewTest@5ace1ed4]" started-at="2022-01-27T09:46:21 IST" name="afterClass" finished-at="2022-01-27T09:46:22 IST" duration-ms="553" status="PASS">
          <reporter-output>
          </reporter-output>
        </test-method> <!-- afterClass -->
      </class> <!-- Aspirepac.NewTest -->
    </test> <!-- Iteration1 -->
  </suite> <!-- Suite -->
</testng-results>
