<?xml version="1.0" encoding="UTF-8"?>
<testng-results ignored="0" total="6" passed="6" failed="0" skipped="0">
  <reporter-output>
  </reporter-output>
  <suite started-at="2022-01-26T11:01:38 IST" name="Suite" finished-at="2022-01-26T11:02:46 IST" duration-ms="68263">
    <groups>
    </groups>
    <test started-at="2022-01-26T11:01:38 IST" name="Iteration1" finished-at="2022-01-26T11:02:46 IST" duration-ms="68263">
      <class name="Aspirepac.InventoryTest">
        <test-method is-config="true" signature="setUp()[pri:0, instance:Aspirepac.InventoryTest@32b260fa]" started-at="2022-01-26T11:01:55 IST" name="setUp" finished-at="2022-01-26T11:02:09 IST" duration-ms="13292" status="PASS">
          <reporter-output>
          </reporter-output>
        </test-method> <!-- setUp -->
        <test-method signature="clickAndVerifyInventoryPage()[pri:1, instance:Aspirepac.InventoryTest@32b260fa]" started-at="2022-01-26T11:02:09 IST" name="clickAndVerifyInventoryPage" finished-at="2022-01-26T11:02:10 IST" duration-ms="1301" status="PASS">
          <reporter-output>
          </reporter-output>
        </test-method> <!-- clickAndVerifyInventoryPage -->
        <test-method is-config="true" signature="afterMethod()[pri:0, instance:Aspirepac.InventoryTest@32b260fa]" started-at="2022-01-26T11:02:10 IST" name="afterMethod" finished-at="2022-01-26T11:02:10 IST" duration-ms="310" status="PASS">
          <reporter-output>
          </reporter-output>
        </test-method> <!-- afterMethod -->
        <test-method is-config="true" signature="setUp()[pri:0, instance:Aspirepac.InventoryTest@32b260fa]" started-at="2022-01-26T11:02:10 IST" name="setUp" finished-at="2022-01-26T11:02:21 IST" duration-ms="11190" status="PASS">
          <reporter-output>
          </reporter-output>
        </test-method> <!-- setUp -->
        <test-method signature="verifyProduct()[pri:2, instance:Aspirepac.InventoryTest@32b260fa]" started-at="2022-01-26T11:02:21 IST" name="verifyProduct" finished-at="2022-01-26T11:02:28 IST" duration-ms="6734" status="PASS">
          <reporter-output>
          </reporter-output>
        </test-method> <!-- verifyProduct -->
        <test-method is-config="true" signature="afterMethod()[pri:0, instance:Aspirepac.InventoryTest@32b260fa]" started-at="2022-01-26T11:02:28 IST" name="afterMethod" finished-at="2022-01-26T11:02:29 IST" duration-ms="355" status="PASS">
          <reporter-output>
          </reporter-output>
        </test-method> <!-- afterMethod -->
        <test-method is-config="true" signature="setUp()[pri:0, instance:Aspirepac.InventoryTest@32b260fa]" started-at="2022-01-26T11:02:29 IST" name="setUp" finished-at="2022-01-26T11:02:40 IST" duration-ms="11809" status="PASS">
          <reporter-output>
          </reporter-output>
        </test-method> <!-- setUp -->
        <test-method signature="verifyUpdateValue()[pri:0, instance:Aspirepac.InventoryTest@32b260fa]" started-at="2022-01-26T11:02:40 IST" name="verifyUpdateValue" finished-at="2022-01-26T11:02:46 IST" depends-on-methods="Aspirepac.InventoryTest.verifyProduct" duration-ms="5542" status="PASS">
          <reporter-output>
          </reporter-output>
        </test-method> <!-- verifyUpdateValue -->
        <test-method is-config="true" signature="afterMethod()[pri:0, instance:Aspirepac.InventoryTest@32b260fa]" started-at="2022-01-26T11:02:46 IST" name="afterMethod" finished-at="2022-01-26T11:02:46 IST" duration-ms="357" status="PASS">
          <reporter-output>
          </reporter-output>
        </test-method> <!-- afterMethod -->
      </class> <!-- Aspirepac.InventoryTest -->
      <class name="Aspirepac.NewTest">
        <test-method is-config="true" signature="beforeMethod()[pri:0, instance:Aspirepac.NewTest@5ace1ed4]" started-at="2022-01-26T11:01:38 IST" name="beforeMethod" finished-at="2022-01-26T11:01:38 IST" duration-ms="8" status="PASS">
          <reporter-output>
          </reporter-output>
        </test-method> <!-- beforeMethod -->
        <test-method signature="launch()[pri:0, instance:Aspirepac.NewTest@5ace1ed4]" started-at="2022-01-26T11:01:38 IST" name="launch" finished-at="2022-01-26T11:01:45 IST" duration-ms="7004" status="PASS">
          <reporter-output>
          </reporter-output>
        </test-method> <!-- launch -->
        <test-method is-config="true" signature="afterMethod()[pri:0, instance:Aspirepac.NewTest@5ace1ed4]" started-at="2022-01-26T11:01:45 IST" name="afterMethod" finished-at="2022-01-26T11:01:45 IST" duration-ms="0" status="PASS">
          <reporter-output>
          </reporter-output>
        </test-method> <!-- afterMethod -->
        <test-method is-config="true" signature="beforeMethod()[pri:0, instance:Aspirepac.NewTest@5ace1ed4]" started-at="2022-01-26T11:01:45 IST" name="beforeMethod" finished-at="2022-01-26T11:01:45 IST" duration-ms="0" status="PASS">
          <reporter-output>
          </reporter-output>
        </test-method> <!-- beforeMethod -->
        <test-method signature="validateTitle()[pri:1, instance:Aspirepac.NewTest@5ace1ed4]" started-at="2022-01-26T11:01:45 IST" name="validateTitle" finished-at="2022-01-26T11:01:45 IST" duration-ms="12" status="PASS">
          <reporter-output>
          </reporter-output>
        </test-method> <!-- validateTitle -->
        <test-method is-config="true" signature="afterMethod()[pri:0, instance:Aspirepac.NewTest@5ace1ed4]" started-at="2022-01-26T11:01:45 IST" name="afterMethod" finished-at="2022-01-26T11:01:45 IST" duration-ms="1" status="PASS">
          <reporter-output>
          </reporter-output>
        </test-method> <!-- afterMethod -->
        <test-method signature="login(java.lang.String,java.lang.String)[pri:0, instance:Aspirepac.NewTest@5ace1ed4]" started-at="2022-01-26T11:01:45 IST" name="login" finished-at="2022-01-26T11:01:55 IST" depends-on-methods="Aspirepac.NewTest.validateTitle" duration-ms="9773" status="PASS">
          <params>
            <param index="0">
              <value>
                <![CDATA[user@aspireapp.com]]>
              </value>
            </param>
            <param index="1">
              <value>
                <![CDATA[@sp1r3app]]>
              </value>
            </param>
          </params>
          <reporter-output>
          </reporter-output>
        </test-method> <!-- login -->
        <test-method is-config="true" signature="beforeMethod()[pri:0, instance:Aspirepac.NewTest@5ace1ed4]" started-at="2022-01-26T11:01:45 IST" name="beforeMethod" finished-at="2022-01-26T11:01:45 IST" duration-ms="0" status="PASS">
          <reporter-output>
          </reporter-output>
        </test-method> <!-- beforeMethod -->
        <test-method is-config="true" signature="afterMethod()[pri:0, instance:Aspirepac.NewTest@5ace1ed4]" started-at="2022-01-26T11:01:55 IST" name="afterMethod" finished-at="2022-01-26T11:01:55 IST" duration-ms="1" status="PASS">
          <reporter-output>
          </reporter-output>
        </test-method> <!-- afterMethod -->
        <test-method is-config="true" signature="afterClass()[pri:0, instance:Aspirepac.NewTest@5ace1ed4]" started-at="2022-01-26T11:01:55 IST" name="afterClass" finished-at="2022-01-26T11:01:55 IST" duration-ms="469" status="PASS">
          <reporter-output>
          </reporter-output>
        </test-method> <!-- afterClass -->
      </class> <!-- Aspirepac.NewTest -->
    </test> <!-- Iteration1 -->
  </suite> <!-- Suite -->
</testng-results>
