<?xml version="1.0" encoding="UTF-8"?>
<!-- Generated by org.testng.reporters.JUnitXMLReporter -->
<testsuite ignored="0" hostname="DESKTOP-22OV6SS" failures="0" tests="3" name="Default test" time="22.05" errors="0" timestamp="2022-01-26T08:02:13 IST">
  <testcase classname="Aspirepac.NewTest" name="launch" time="13.829"/>
  <testcase classname="Aspirepac.NewTest" name="validateTitle" time="0.01"/>
  <testcase classname="Aspirepac.NewTest" name="login" time="7.674"/>
</testsuite> <!-- Default test -->
